<?xml version="1.0" encoding="UTF-8"?>
<!-- Generated by org.testng.reporters.JUnitReportReporter -->
<testsuite hostname="PV-X00177745" name="com.auto.test.cases.ResisterMember" tests="5" failures="0" timestamp="11 Mar 2019 05:33:22 GMT" time="3.789" errors="0">
  <testcase name="testProcess" time="1.530" classname="com.auto.test.cases.ResisterMember"/>
  <testcase name="testProcess" time="0.460" classname="com.auto.test.cases.ResisterMember"/>
  <testcase name="testProcess" time="0.028" classname="com.auto.test.cases.ResisterMember"/>
  <testcase name="testProcess" time="1.742" classname="com.auto.test.cases.ResisterMember"/>
  <testcase name="testProcess" time="0.029" classname="com.auto.test.cases.ResisterMember"/>
</testsuite> <!-- com.auto.test.cases.ResisterMember -->
